<?xml version="1.0" encoding="UTF-8"?>
<!-- Generated by org.testng.reporters.JUnitReportReporter -->
<testsuite skipped="0" hostname="DELL-PC" name="PageObjMain.Pom_Test_execution" tests="1" failures="0" timestamp="20 Dec 2016 16:46:34 GMT" time="29.235" errors="0">
  <testcase name="f" time="29.235" classname="PageObjMain.Pom_Test_execution"/>
</testsuite> <!-- PageObjMain.Pom_Test_execution -->
