<?xml version="1.0" encoding="UTF-8"?>
<!-- Generated by org.testng.reporters.JUnitReportReporter -->
<testsuite skipped="0" hostname="DELL-PC" name="PageObjMain.Pom_exec" tests="1" failures="0" timestamp="25 Dec 2016 09:40:18 GMT" time="142.515" errors="0">
  <testcase name="f" time="142.515" classname="PageObjMain.Pom_exec"/>
</testsuite> <!-- PageObjMain.Pom_exec -->
